<?xml version="1.0" encoding="UTF-8"?>
<!-- Generated by org.testng.reporters.JUnitXMLReporter -->
<testsuite hostname="MOHNISHP04" ignored="0" name="Test" tests="4" failures="0" timestamp="23 Mar 2019 12:24:29 GMT" time="0.063" errors="0">
  <testcase name="BrowserAutomation" time="0.021" classname="qaclickacademy.SeleniumTest"/>
  <testcase name="uiautomation" time="0.001" classname="qaclickacademy.SeleniumTest"/>
  <testcase name="deletetwitter" time="0.001" classname="qaclickacademy.RESTAPITest"/>
  <testcase name="postjira" time="0.0" classname="qaclickacademy.RESTAPITest"/>
</testsuite> <!-- Test -->
